DenseTrackStab.obj : error LNK2001: unresolved external symbol "int __cdecl cv::countNonZero(class cv::_InputArray const &)" (?countNonZero@cv@@YAHABV_InputArray@1@@Z)
DenseTrackStab.obj : error LNK2001: unresolved external symbol "void __cdecl cv::imshow(class std::basic_string<char,struct std::char_traits<char>,class std::allocator<char> > const &,class cv::_InputArray const &)" (?imshow@cv@@YAXABV?$basic_string@DU?$char_traits@D@std@@V?$allocator@D@2@@std@@ABV_InputArray@1@@Z)
DenseTrackStab.obj : error LNK2001: unresolved external symbol "public: virtual class std::basic_string<char,struct std::char_traits<char>,class std::allocator<char> > __thiscall cv::Algorithm::getDefaultName(void)const " (?getDefaultName@Algorithm@cv@@UBE?AV?$basic_string@DU?$char_traits@D@std@@V?$allocator@D@2@@std@@XZ)
DenseTrackStab.obj : error LNK2001: unresolved external symbol "public: virtual void __thiscall cv::Algorithm::save(class std::basic_string<char,struct std::char_traits<char>,class std::allocator<char> > const &)const " (?save@Algorithm@cv@@UBEXABV?$basic_string@DU?$char_traits@D@std@@V?$allocator@D@2@@std@@@Z)
DenseTrackStab.obj : error LNK2001: unresolved external symbol "double __cdecl cv::invert(class cv::_InputArray const &,class cv::_OutputArray const &,int)" (?invert@cv@@YANABV_InputArray@1@ABV_OutputArray@1@H@Z)
DenseTrackStab.obj : error LNK2001: unresolved external symbol "public: virtual bool __thiscall cv::VideoCapture::isOpened(void)const " (?isOpened@VideoCapture@cv@@UBE_NXZ)
DenseTrackStab.obj : error LNK2001: unresolved external symbol "public: virtual bool __thiscall cv::VideoCapture::open(class std::basic_string<char,struct std::char_traits<char>,class std::allocator<char> > const &,int)" (?open@VideoCapture@cv@@UAE_NABV?$basic_string@DU?$char_traits@D@std@@V?$allocator@D@2@@std@@H@Z)
DenseTrackStab.obj : error LNK2001: unresolved external symbol "public: virtual __thiscall cv::VideoCapture::~VideoCapture(void)" (??1VideoCapture@cv@@UAE@XZ)
DenseTrackStab.obj : error LNK2001: unresolved external symbol "public: __thiscall cv::VideoCapture::VideoCapture(void)" (??0VideoCapture@cv@@QAE@XZ)
DenseTrackStab.obj : error LNK2001: unresolved external symbol "void __cdecl cv::namedWindow(class std::basic_string<char,struct std::char_traits<char>,class std::allocator<char> > const &,int)" (?namedWindow@cv@@YAXABV?$basic_string@DU?$char_traits@D@std@@V?$allocator@D@2@@std@@H@Z)
DenseTrackStab.obj : error LNK2001: unresolved external symbol "public: bool __thiscall cv::Mat::empty(void)const " (?empty@Mat@cv@@QBE_NXZ)
DenseTrackStab.obj : error LNK2001: unresolved external symbol "public: void __thiscall cv::Mat::release(void)" (?release@Mat@cv@@QAEXXZ)
DenseTrackStab.obj : error LNK2001: unresolved external symbol "public: void __thiscall cv::Mat::create(int,int,int)" (?create@Mat@cv@@QAEXHHH@Z)
DenseTrackStab.obj : error LNK2001: unresolved external symbol "public: void __thiscall cv::Mat::create(class cv::Size_<int>,int)" (?create@Mat@cv@@QAEXV?$Size_@H@2@H@Z)
DenseTrackStab.obj : error LNK2001: unresolved external symbol "public: static class cv::MatExpr __cdecl cv::Mat::eye(int,int,int)" (?eye@Mat@cv@@SA?AVMatExpr@2@HHH@Z)
DenseTrackStab.obj : error LNK2001: unresolved external symbol "public: static class cv::MatExpr __cdecl cv::Mat::ones(class cv::Size_<int>,int)" (?ones@Mat@cv@@SA?AVMatExpr@2@V?$Size_@H@2@H@Z)
DenseTrackStab.obj : error LNK2001: unresolved external symbol "public: static class cv::MatExpr __cdecl cv::Mat::zeros(int,int,int)" (?zeros@Mat@cv@@SA?AVMatExpr@2@HHH@Z)
DenseTrackStab.obj : error LNK2001: unresolved external symbol "public: static class cv::MatExpr __cdecl cv::Mat::zeros(class cv::Size_<int>,int)" (?zeros@Mat@cv@@SA?AVMatExpr@2@V?$Size_@H@2@H@Z)
DenseTrackStab.obj : error LNK2001: unresolved external symbol "public: class cv::MatExpr __thiscall cv::Mat::inv(int)const " (?inv@Mat@cv@@QBE?AVMatExpr@2@H@Z)
DenseTrackStab.obj : error LNK2001: unresolved external symbol "public: class cv::Mat __thiscall cv::Mat::reshape(int,int,int const *)const " (?reshape@Mat@cv@@QBE?AV12@HHPBH@Z)
DenseTrackStab.obj : error LNK2001: unresolved external symbol "public: void __thiscall cv::Mat::convertTo(class cv::_OutputArray const &,int,double,double)const " (?convertTo@Mat@cv@@QBEXABV_OutputArray@2@HNN@Z)
DenseTrackStab.obj : error LNK2001: unresolved external symbol "public: void __thiscall cv::Mat::copyTo(class cv::_OutputArray const &)const " (?copyTo@Mat@cv@@QBEXABV_OutputArray@2@@Z)
DenseTrackStab.obj : error LNK2001: unresolved external symbol "public: class cv::Mat & __thiscall cv::Mat::operator=(class cv::Mat const &)" (??4Mat@cv@@QAEAAV01@ABV01@@Z)
DenseTrackStab.obj : error LNK2001: unresolved external symbol "public: class cv::Mat & __thiscall cv::Mat::operator=(class cv::Mat &&)" (??4Mat@cv@@QAEAAV01@$$QAV01@@Z)
DenseTrackStab.obj : error LNK2001: unresolved external symbol "public: __thiscall cv::Mat::~Mat(void)" (??1Mat@cv@@QAE@XZ)
DenseTrackStab.obj : error LNK2001: unresolved external symbol "public: __thiscall cv::Mat::Mat(void)" (??0Mat@cv@@QAE@XZ)
DenseTrackStab.obj : error LNK2001: unresolved external symbol "public: __thiscall cv::Mat::Mat(class cv::Mat const &)" (??0Mat@cv@@QAE@ABV01@@Z)
DenseTrackStab.obj : error LNK2001: unresolved external symbol "public: __thiscall cv::Mat::Mat(int,int,int,void *,unsigned int)" (??0Mat@cv@@QAE@HHHPAXI@Z)
DenseTrackStab.obj : error LNK2001: unresolved external symbol "public: __thiscall cv::Mat::Mat(class cv::Mat const &,class cv::Rect_<int> const &)" (??0Mat@cv@@QAE@ABV01@ABV?$Rect_@H@1@@Z)
DenseTrackStab.obj : error LNK2001: unresolved external symbol "public: __thiscall cv::Mat::Mat(class cv::Mat &&)" (??0Mat@cv@@QAE@$$QAV01@@Z)
DenseTrackStab.obj : error LNK2001: unresolved external symbol "void __cdecl cv::cvtColor(class cv::_InputArray const &,class cv::_OutputArray const &,int,int)" (?cvtColor@cv@@YAXABV_InputArray@1@ABV_OutputArray@1@HH@Z)
DenseTrackStab.obj : error LNK2001: unresolved external symbol "float __cdecl cv::fastAtan2(float,float)" (?fastAtan2@cv@@YAMMM@Z)
DenseTrackStab.obj : error LNK2001: unresolved external symbol "void __cdecl cv::destroyWindow(class std::basic_string<char,struct std::char_traits<char>,class std::allocator<char> > const &)" (?destroyWindow@cv@@YAXABV?$basic_string@DU?$char_traits@D@std@@V?$allocator@D@2@@std@@@Z)
DenseTrackStab.obj : error LNK2001: unresolved external symbol "class cv::_InputOutputArray const & __cdecl cv::noArray(void)" (?noArray@cv@@YAABV_InputOutputArray@1@XZ)
DenseTrackStab.obj : error LNK2001: unresolved external symbol "void __cdecl cv::cornerMinEigenVal(class cv::_InputArray const &,class cv::_OutputArray const &,int,int,int)" (?cornerMinEigenVal@cv@@YAXABV_InputArray@1@ABV_OutputArray@1@HHH@Z)
DenseTrackStab.obj : error LNK2001: unresolved external symbol "void __cdecl cv::merge(class cv::Mat const *,unsigned int,class cv::_OutputArray const &)" (?merge@cv@@YAXPBVMat@1@IABV_OutputArray@1@@Z)
DenseTrackStab.obj : error LNK2001: unresolved external symbol "public: virtual void __thiscall cv::DescriptorMatcher::read(class cv::FileNode const &)" (?read@DescriptorMatcher@cv@@UAEXABVFileNode@2@@Z)
DenseTrackStab.obj : error LNK2001: unresolved external symbol "public: virtual void __thiscall cv::DescriptorMatcher::write(class cv::FileStorage &)const " (?write@DescriptorMatcher@cv@@UBEXAAVFileStorage@2@@Z)
DenseTrackStab.obj : error LNK2001: unresolved external symbol "public: virtual void __thiscall cv::DescriptorMatcher::train(void)" (?train@DescriptorMatcher@cv@@UAEXXZ)
DenseTrackStab.obj : error LNK2001: unresolved external symbol "public: virtual bool __thiscall cv::DescriptorMatcher::empty(void)const " (?empty@DescriptorMatcher@cv@@UBE_NXZ)
DenseTrackStab.obj : error LNK2001: unresolved external symbol "public: virtual void __thiscall cv::DescriptorMatcher::clear(void)" (?clear@DescriptorMatcher@cv@@UAEXXZ)
DenseTrackStab.obj : error LNK2001: unresolved external symbol "public: virtual void __thiscall cv::DescriptorMatcher::add(class cv::_InputArray const &)" (?add@DescriptorMatcher@cv@@UAEXABV_InputArray@2@@Z)
DenseTrackStab.obj : error LNK2001: unresolved external symbol "public: virtual __thiscall cv::DescriptorMatcher::~DescriptorMatcher(void)" (??1DescriptorMatcher@cv@@UAE@XZ)
DenseTrackStab.obj : error LNK2001: unresolved external symbol "protected: virtual void __thiscall cv::BFMatcher::radiusMatchImpl(class cv::_InputArray const &,class std::vector<class std::vector<class cv::DMatch,class std::allocator<class cv::DMatch> >,class std::allocator<class std::vector<class cv::DMatch,class std::allocator<class cv::DMatch> > > > &,float,class cv::_InputArray const &,bool)" (?radiusMatchImpl@BFMatcher@cv@@MAEXABV_InputArray@2@AAV?$vector@V?$vector@VDMatch@cv@@V?$allocator@VDMatch@cv@@@std@@@std@@V?$allocator@V?$vector@VDMatch@cv@@V?$allocator@VDMatch@cv@@@std@@@std@@@2@@std@@M0_N@Z)
DenseTrackStab.obj : error LNK2001: unresolved external symbol "protected: virtual void __thiscall cv::BFMatcher::knnMatchImpl(class cv::_InputArray const &,class std::vector<class std::vector<class cv::DMatch,class std::allocator<class cv::DMatch> >,class std::allocator<class std::vector<class cv::DMatch,class std::allocator<class cv::DMatch> > > > &,int,class cv::_InputArray const &,bool)" (?knnMatchImpl@BFMatcher@cv@@MAEXABV_InputArray@2@AAV?$vector@V?$vector@VDMatch@cv@@V?$allocator@VDMatch@cv@@@std@@@std@@V?$allocator@V?$vector@VDMatch@cv@@V?$allocator@VDMatch@cv@@@std@@@std@@@2@@std@@H0_N@Z)
DenseTrackStab.obj : error LNK2001: unresolved external symbol "public: virtual struct cv::Ptr<class cv::DescriptorMatcher> __thiscall cv::BFMatcher::clone(bool)const " (?clone@BFMatcher@cv@@UBE?AU?$Ptr@VDescriptorMatcher@cv@@@2@_N@Z)
DenseTrackStab.obj : error LNK2001: unresolved external symbol "public: __thiscall cv::BFMatcher::BFMatcher(int,bool)" (??0BFMatcher@cv@@QAE@H_N@Z)
DenseTrackStab.obj : error LNK2001: unresolved external symbol "void __cdecl cv::goodFeaturesToTrack(class cv::_InputArray const &,class cv::_OutputArray const &,int,double,double,class cv::_InputArray const &,int,bool,double)" (?goodFeaturesToTrack@cv@@YAXABV_InputArray@1@ABV_OutputArray@1@HNN0H_NN@Z)
DenseTrackStab.obj : error LNK2001: unresolved external symbol "void __cdecl cv::GaussianBlur(class cv::_InputArray const &,class cv::_OutputArray const &,class cv::Size_<int>,double,double,int)" (?GaussianBlur@cv@@YAXABV_InputArray@1@ABV_OutputArray@1@V?$Size_@H@1@NNH@Z)
DenseTrackStab.obj : error LNK2001: unresolved external symbol "void __cdecl cv::line(class cv::_InputOutputArray const &,class cv::Point_<int>,class cv::Point_<int>,class cv::Scalar_<double> const &,int,int,int)" (?line@cv@@YAXABV_InputOutputArray@1@V?$Point_@H@1@1ABV?$Scalar_@N@1@HHH@Z)
DenseTrackStab.obj : error LNK2001: unresolved external symbol "class cv::Mat __cdecl cv::findHomography(class cv::_InputArray const &,class cv::_InputArray const &,int,double,class cv::_OutputArray const &,int,double)" (?findHomography@cv@@YA?AVMat@1@ABV_InputArray@1@0HNABV_OutputArray@1@HN@Z)
DenseTrackStab.obj : error LNK2001: unresolved external symbol "void __cdecl cv::remap(class cv::_InputArray const &,class cv::_OutputArray const &,class cv::_InputArray const &,class cv::_InputArray const &,int,int,class cv::Scalar_<double> const &)" (?remap@cv@@YAXABV_InputArray@1@ABV_OutputArray@1@00HHABV?$Scalar_@N@1@@Z)
DenseTrackStab.obj : error LNK2001: unresolved external symbol "void __cdecl cv::minMaxLoc(class cv::_InputArray const &,double *,double *,class cv::Point_<int> *,class cv::Point_<int> *,class cv::_InputArray const &)" (?minMaxLoc@cv@@YAXABV_InputArray@1@PAN1PAV?$Point_@H@1@20@Z)
DenseTrackStab.obj : error LNK2001: unresolved external symbol "public: static struct cv::Ptr<class cv::xfeatures2d::SURF> __cdecl cv::xfeatures2d::SURF::create(double,int,int,bool,bool)" (?create@SURF@xfeatures2d@cv@@SA?AU?$Ptr@VSURF@xfeatures2d@cv@@@3@NHH_N0@Z)
DenseTrackStab.obj : error LNK2001: unresolved external symbol "bool __cdecl cv::checkHardwareSupport(int)" (?checkHardwareSupport@cv@@YA_NH@Z)
DenseTrackStab.obj : error LNK2001: unresolved external symbol "void __cdecl cv::Sobel(class cv::_InputArray const &,class cv::_OutputArray const &,int,int,int,int,double,double,int)" (?Sobel@cv@@YAXABV_InputArray@1@ABV_OutputArray@1@HHHHNNH@Z)
DenseTrackStab.obj : error LNK2001: unresolved external symbol "int __cdecl cv::waitKey(int)" (?waitKey@cv@@YAHH@Z)
DenseTrackStab.obj : error LNK2001: unresolved external symbol "void __cdecl cv::circle(class cv::_InputOutputArray const &,class cv::Point_<int>,int,class cv::Scalar_<double> const &,int,int,int)" (?circle@cv@@YAXABV_InputOutputArray@1@V?$Point_@H@1@HABV?$Scalar_@N@1@HHH@Z)
DenseTrackStab.obj : error LNK2001: unresolved external symbol "void __cdecl cv::medianBlur(class cv::_InputArray const &,class cv::_OutputArray const &,int)" (?medianBlur@cv@@YAXABV_InputArray@1@ABV_OutputArray@1@H@Z)
DenseTrackStab.obj : error LNK2001: unresolved external symbol "void __cdecl cv::resize(class cv::_InputArray const &,class cv::_OutputArray const &,class cv::Size_<int>,double,double,int)" (?resize@cv@@YAXABV_InputArray@1@ABV_OutputArray@1@V?$Size_@H@1@NNH@Z)
DenseTrackStab.obj : error LNK2001: unresolved external symbol "void __cdecl cv::split(class cv::Mat const &,class cv::Mat *)" (?split@cv@@YAXABVMat@1@PAV21@@Z)
C:\Users\shiva\source\repos\Project2\Release\Project2.exe : fatal error LNK1120: 61 unresolved externals
